c:\users\user\documents\data-structure-lab-2025\lec04_array\lec04_class\x64\debug\vc143.pdb
c:\users\user\documents\data-structure-lab-2025\lec04_array\lec04_class\x64\debug\vc143.idb
c:\users\user\documents\data-structure-lab-2025\lec04_array\lec04_class\x64\debug\main.obj
c:\users\user\documents\data-structure-lab-2025\lec04_array\lec04_class\x64\debug\lec04_class.ilk
c:\users\user\documents\data-structure-lab-2025\lec04_array\x64\debug\lec04_class.exe
c:\users\user\documents\data-structure-lab-2025\lec04_array\x64\debug\lec04_class.pdb
c:\users\user\documents\data-structure-lab-2025\lec04_array\lec04_class\x64\debug\complextest.obj
c:\users\user\documents\data-structure-lab-2025\lec04_array\lec04_class\x64\debug\lec04_class.tlog\cl.command.1.tlog
c:\users\user\documents\data-structure-lab-2025\lec04_array\lec04_class\x64\debug\lec04_class.tlog\cl.items.tlog
c:\users\user\documents\data-structure-lab-2025\lec04_array\lec04_class\x64\debug\lec04_class.tlog\cl.read.1.tlog
c:\users\user\documents\data-structure-lab-2025\lec04_array\lec04_class\x64\debug\lec04_class.tlog\cl.write.1.tlog
c:\users\user\documents\data-structure-lab-2025\lec04_array\lec04_class\x64\debug\lec04_class.tlog\link-cvtres.read.1.tlog
c:\users\user\documents\data-structure-lab-2025\lec04_array\lec04_class\x64\debug\lec04_class.tlog\link-cvtres.write.1.tlog
c:\users\user\documents\data-structure-lab-2025\lec04_array\lec04_class\x64\debug\lec04_class.tlog\link-rc.read.1.tlog
c:\users\user\documents\data-structure-lab-2025\lec04_array\lec04_class\x64\debug\lec04_class.tlog\link-rc.write.1.tlog
c:\users\user\documents\data-structure-lab-2025\lec04_array\lec04_class\x64\debug\lec04_class.tlog\link.11252-cvtres.read.1.tlog
c:\users\user\documents\data-structure-lab-2025\lec04_array\lec04_class\x64\debug\lec04_class.tlog\link.11252-cvtres.write.1.tlog
c:\users\user\documents\data-structure-lab-2025\lec04_array\lec04_class\x64\debug\lec04_class.tlog\link.11252-rc.read.1.tlog
c:\users\user\documents\data-structure-lab-2025\lec04_array\lec04_class\x64\debug\lec04_class.tlog\link.11252-rc.write.1.tlog
c:\users\user\documents\data-structure-lab-2025\lec04_array\lec04_class\x64\debug\lec04_class.tlog\link.11252.read.1.tlog
c:\users\user\documents\data-structure-lab-2025\lec04_array\lec04_class\x64\debug\lec04_class.tlog\link.11252.read.2.tlog
c:\users\user\documents\data-structure-lab-2025\lec04_array\lec04_class\x64\debug\lec04_class.tlog\link.11252.read.3.tlog
c:\users\user\documents\data-structure-lab-2025\lec04_array\lec04_class\x64\debug\lec04_class.tlog\link.11252.read.4.tlog
c:\users\user\documents\data-structure-lab-2025\lec04_array\lec04_class\x64\debug\lec04_class.tlog\link.11252.write.1.tlog
c:\users\user\documents\data-structure-lab-2025\lec04_array\lec04_class\x64\debug\lec04_class.tlog\link.command.1.tlog
c:\users\user\documents\data-structure-lab-2025\lec04_array\lec04_class\x64\debug\lec04_class.tlog\link.read.1.tlog
c:\users\user\documents\data-structure-lab-2025\lec04_array\lec04_class\x64\debug\lec04_class.tlog\link.read.2.tlog
c:\users\user\documents\data-structure-lab-2025\lec04_array\lec04_class\x64\debug\lec04_class.tlog\link.read.3.tlog
c:\users\user\documents\data-structure-lab-2025\lec04_array\lec04_class\x64\debug\lec04_class.tlog\link.read.4.tlog
c:\users\user\documents\data-structure-lab-2025\lec04_array\lec04_class\x64\debug\lec04_class.tlog\link.write.1.tlog
